<?xml version="1.0" encoding="UTF-8"?>
<testsuite name="com.org.admin.HelloControllerTest" tests="1" skipped="0" failures="0" errors="0" timestamp="2020-08-07T03:30:49" hostname="won-yungyeong-ui-MacBookPro.local" time="0.265">
  <properties/>
  <testcase name="helloDto가_리턴된다" classname="com.org.admin.HelloControllerTest" time="0.265"/>
  <system-out><![CDATA[12:30:47.494 [Test worker] DEBUG org.springframework.test.context.junit4.SpringJUnit4ClassRunner - SpringJUnit4ClassRunner constructor called with [class com.org.admin.HelloControllerTest]
12:30:47.500 [Test worker] DEBUG org.springframework.test.context.BootstrapUtils - Instantiating CacheAwareContextLoaderDelegate from class [org.springframework.test.context.cache.DefaultCacheAwareContextLoaderDelegate]
12:30:47.506 [Test worker] DEBUG org.springframework.test.context.BootstrapUtils - Instantiating BootstrapContext using constructor [public org.springframework.test.context.support.DefaultBootstrapContext(java.lang.Class,org.springframework.test.context.CacheAwareContextLoaderDelegate)]
12:30:47.527 [Test worker] DEBUG org.springframework.test.context.BootstrapUtils - Instantiating TestContextBootstrapper for test class [com.org.admin.HelloControllerTest] from class [org.springframework.boot.test.autoconfigure.web.servlet.WebMvcTestContextBootstrapper]
12:30:47.540 [Test worker] INFO org.springframework.boot.test.autoconfigure.web.servlet.WebMvcTestContextBootstrapper - Neither @ContextConfiguration nor @ContextHierarchy found for test class [com.org.admin.HelloControllerTest], using SpringBootContextLoader
12:30:47.544 [Test worker] DEBUG org.springframework.test.context.support.AbstractContextLoader - Did not detect default resource location for test class [com.org.admin.HelloControllerTest]: class path resource [com/org/admin/HelloControllerTest-context.xml] does not exist
12:30:47.544 [Test worker] DEBUG org.springframework.test.context.support.AbstractContextLoader - Did not detect default resource location for test class [com.org.admin.HelloControllerTest]: class path resource [com/org/admin/HelloControllerTestContext.groovy] does not exist
12:30:47.544 [Test worker] INFO org.springframework.test.context.support.AbstractContextLoader - Could not detect default resource locations for test class [com.org.admin.HelloControllerTest]: no resource found for suffixes {-context.xml, Context.groovy}.
12:30:47.545 [Test worker] INFO org.springframework.test.context.support.AnnotationConfigContextLoaderUtils - Could not detect default configuration classes for test class [com.org.admin.HelloControllerTest]: HelloControllerTest does not declare any static, non-private, non-final, nested classes annotated with @Configuration.
12:30:47.596 [Test worker] DEBUG org.springframework.test.context.support.ActiveProfilesUtils - Could not find an 'annotation declaring class' for annotation type [org.springframework.test.context.ActiveProfiles] and class [com.org.admin.HelloControllerTest]
12:30:47.646 [Test worker] DEBUG org.springframework.context.annotation.ClassPathScanningCandidateComponentProvider - Identified candidate component class: file [/Users/won-yungyeong/git-workshop/web/untitled/build/classes/java/main/com/org/admin/Application.class]
12:30:47.647 [Test worker] INFO org.springframework.boot.test.context.SpringBootTestContextBootstrapper - Found @SpringBootConfiguration com.org.admin.Application for test class com.org.admin.HelloControllerTest
12:30:47.649 [Test worker] DEBUG org.springframework.boot.test.autoconfigure.web.servlet.WebMvcTestContextBootstrapper - @TestExecutionListeners is not present for class [com.org.admin.HelloControllerTest]: using defaults.
12:30:47.649 [Test worker] INFO org.springframework.boot.test.autoconfigure.web.servlet.WebMvcTestContextBootstrapper - Loaded default TestExecutionListener class names from location [META-INF/spring.factories]: [org.springframework.security.test.context.support.WithSecurityContextTestExecutionListener, org.springframework.security.test.context.support.ReactorContextTestExecutionListener, org.springframework.boot.test.autoconfigure.restdocs.RestDocsTestExecutionListener, org.springframework.boot.test.autoconfigure.web.client.MockRestServiceServerResetTestExecutionListener, org.springframework.boot.test.autoconfigure.web.servlet.MockMvcPrintOnlyOnFailureTestExecutionListener, org.springframework.boot.test.autoconfigure.web.servlet.WebDriverTestExecutionListener, org.springframework.boot.test.mock.mockito.MockitoTestExecutionListener, org.springframework.boot.test.mock.mockito.ResetMocksTestExecutionListener, org.springframework.test.context.web.ServletTestExecutionListener, org.springframework.test.context.support.DirtiesContextBeforeModesTestExecutionListener, org.springframework.test.context.support.DependencyInjectionTestExecutionListener, org.springframework.test.context.support.DirtiesContextTestExecutionListener, org.springframework.test.context.transaction.TransactionalTestExecutionListener, org.springframework.test.context.jdbc.SqlScriptsTestExecutionListener]
12:30:47.662 [Test worker] INFO org.springframework.boot.test.autoconfigure.web.servlet.WebMvcTestContextBootstrapper - Using TestExecutionListeners: [org.springframework.test.context.web.ServletTestExecutionListener@65862745, org.springframework.test.context.support.DirtiesContextBeforeModesTestExecutionListener@450e7dc5, org.springframework.boot.test.mock.mockito.MockitoTestExecutionListener@3ffecfc5, org.springframework.boot.test.autoconfigure.SpringBootDependencyInjectionTestExecutionListener@4ba67a53, org.springframework.test.context.support.DirtiesContextTestExecutionListener@1f4ec06d, org.springframework.test.context.transaction.TransactionalTestExecutionListener@29187614, org.springframework.test.context.jdbc.SqlScriptsTestExecutionListener@60d10415, org.springframework.security.test.context.support.WithSecurityContextTestExecutionListener@18dd8ebe, org.springframework.security.test.context.support.ReactorContextTestExecutionListener@71f97860, org.springframework.boot.test.autoconfigure.restdocs.RestDocsTestExecutionListener@1b3b189d, org.springframework.boot.test.autoconfigure.web.client.MockRestServiceServerResetTestExecutionListener@73a25643, org.springframework.boot.test.autoconfigure.web.servlet.MockMvcPrintOnlyOnFailureTestExecutionListener@77e9ef7, org.springframework.boot.test.autoconfigure.web.servlet.WebDriverTestExecutionListener@3d7ecc00, org.springframework.boot.test.mock.mockito.ResetMocksTestExecutionListener@7ec2d4c2]
12:30:47.665 [Test worker] DEBUG org.springframework.test.annotation.ProfileValueUtils - Retrieved @ProfileValueSourceConfiguration [null] for test class [com.org.admin.HelloControllerTest]
12:30:47.665 [Test worker] DEBUG org.springframework.test.annotation.ProfileValueUtils - Retrieved ProfileValueSource type [class org.springframework.test.annotation.SystemProfileValueSource] for class [com.org.admin.HelloControllerTest]
12:30:47.668 [Test worker] DEBUG org.springframework.test.annotation.ProfileValueUtils - Retrieved @ProfileValueSourceConfiguration [null] for test class [com.org.admin.HelloControllerTest]
12:30:47.668 [Test worker] DEBUG org.springframework.test.annotation.ProfileValueUtils - Retrieved ProfileValueSource type [class org.springframework.test.annotation.SystemProfileValueSource] for class [com.org.admin.HelloControllerTest]
12:30:47.668 [Test worker] DEBUG org.springframework.test.annotation.ProfileValueUtils - Retrieved @ProfileValueSourceConfiguration [null] for test class [com.org.admin.HelloControllerTest]
12:30:47.668 [Test worker] DEBUG org.springframework.test.annotation.ProfileValueUtils - Retrieved ProfileValueSource type [class org.springframework.test.annotation.SystemProfileValueSource] for class [com.org.admin.HelloControllerTest]
12:30:47.671 [Test worker] DEBUG org.springframework.test.context.support.AbstractDirtiesContextTestExecutionListener - Before test class: context [DefaultTestContext@7dc3707e testClass = HelloControllerTest, testInstance = [null], testMethod = [null], testException = [null], mergedContextConfiguration = [WebMergedContextConfiguration@24e5731e testClass = HelloControllerTest, locations = '{}', classes = '{class com.org.admin.Application}', contextInitializerClasses = '[]', activeProfiles = '{}', propertySourceLocations = '{}', propertySourceProperties = '{org.springframework.boot.test.autoconfigure.web.servlet.WebMvcTestContextBootstrapper=true}', contextCustomizers = set[org.springframework.boot.test.autoconfigure.OverrideAutoConfigurationContextCustomizerFactory$DisableAutoConfigurationContextCustomizer@32a1d40f, org.springframework.boot.test.autoconfigure.filter.TypeExcludeFiltersContextCustomizer@88a8bca3, org.springframework.boot.test.autoconfigure.properties.PropertyMappingContextCustomizer@db59e4bf, org.springframework.boot.test.autoconfigure.web.servlet.WebDriverContextCustomizerFactory$Customizer@34fafe03, [ImportsContextCustomizer@1c3c7f26 key = [org.springframework.boot.autoconfigure.cache.CacheAutoConfiguration, org.springframework.boot.autoconfigure.context.MessageSourceAutoConfiguration, org.springframework.boot.autoconfigure.data.web.SpringDataWebAutoConfiguration, org.springframework.boot.autoconfigure.freemarker.FreeMarkerAutoConfiguration, org.springframework.boot.autoconfigure.groovy.template.GroovyTemplateAutoConfiguration, org.springframework.boot.autoconfigure.gson.GsonAutoConfiguration, org.springframework.boot.autoconfigure.hateoas.HypermediaAutoConfiguration, org.springframework.boot.autoconfigure.http.HttpMessageConvertersAutoConfiguration, org.springframework.boot.autoconfigure.jackson.JacksonAutoConfiguration, org.springframework.boot.autoconfigure.jsonb.JsonbAutoConfiguration, org.springframework.boot.autoconfigure.mustache.MustacheAutoConfiguration, org.springframework.boot.autoconfigure.task.TaskExecutionAutoConfiguration, org.springframework.boot.autoconfigure.thymeleaf.ThymeleafAutoConfiguration, org.springframework.boot.autoconfigure.validation.ValidationAutoConfiguration, org.springframework.boot.autoconfigure.web.servlet.error.ErrorMvcAutoConfiguration, org.springframework.boot.autoconfigure.web.servlet.WebMvcAutoConfiguration, org.springframework.boot.test.autoconfigure.web.servlet.MockMvcAutoConfiguration, org.springframework.boot.test.autoconfigure.web.servlet.MockMvcSecurityAutoConfiguration, org.springframework.boot.test.autoconfigure.web.servlet.MockMvcWebClientAutoConfiguration, org.springframework.boot.test.autoconfigure.web.servlet.MockMvcWebDriverAutoConfiguration]], org.springframework.boot.test.context.filter.ExcludeFilterContextCustomizer@4774587a, org.springframework.boot.test.json.DuplicateJsonObjectContextCustomizerFactory$DuplicateJsonObjectContextCustomizer@68b077c0, org.springframework.boot.test.mock.mockito.MockitoContextCustomizer@0], resourceBasePath = 'src/main/webapp', contextLoader = 'org.springframework.boot.test.context.SpringBootContextLoader', parent = [null]], attributes = map[[empty]]], class annotated with @DirtiesContext [false] with mode [null].
12:30:47.672 [Test worker] DEBUG org.springframework.test.annotation.ProfileValueUtils - Retrieved @ProfileValueSourceConfiguration [null] for test class [com.org.admin.HelloControllerTest]
12:30:47.672 [Test worker] DEBUG org.springframework.test.annotation.ProfileValueUtils - Retrieved ProfileValueSource type [class org.springframework.test.annotation.SystemProfileValueSource] for class [com.org.admin.HelloControllerTest]
12:30:47.675 [Test worker] DEBUG org.springframework.test.context.support.DependencyInjectionTestExecutionListener - Performing dependency injection for test context [[DefaultTestContext@7dc3707e testClass = HelloControllerTest, testInstance = com.org.admin.HelloControllerTest@1d914224, testMethod = [null], testException = [null], mergedContextConfiguration = [WebMergedContextConfiguration@24e5731e testClass = HelloControllerTest, locations = '{}', classes = '{class com.org.admin.Application}', contextInitializerClasses = '[]', activeProfiles = '{}', propertySourceLocations = '{}', propertySourceProperties = '{org.springframework.boot.test.autoconfigure.web.servlet.WebMvcTestContextBootstrapper=true}', contextCustomizers = set[org.springframework.boot.test.autoconfigure.OverrideAutoConfigurationContextCustomizerFactory$DisableAutoConfigurationContextCustomizer@32a1d40f, org.springframework.boot.test.autoconfigure.filter.TypeExcludeFiltersContextCustomizer@88a8bca3, org.springframework.boot.test.autoconfigure.properties.PropertyMappingContextCustomizer@db59e4bf, org.springframework.boot.test.autoconfigure.web.servlet.WebDriverContextCustomizerFactory$Customizer@34fafe03, [ImportsContextCustomizer@1c3c7f26 key = [org.springframework.boot.autoconfigure.cache.CacheAutoConfiguration, org.springframework.boot.autoconfigure.context.MessageSourceAutoConfiguration, org.springframework.boot.autoconfigure.data.web.SpringDataWebAutoConfiguration, org.springframework.boot.autoconfigure.freemarker.FreeMarkerAutoConfiguration, org.springframework.boot.autoconfigure.groovy.template.GroovyTemplateAutoConfiguration, org.springframework.boot.autoconfigure.gson.GsonAutoConfiguration, org.springframework.boot.autoconfigure.hateoas.HypermediaAutoConfiguration, org.springframework.boot.autoconfigure.http.HttpMessageConvertersAutoConfiguration, org.springframework.boot.autoconfigure.jackson.JacksonAutoConfiguration, org.springframework.boot.autoconfigure.jsonb.JsonbAutoConfiguration, org.springframework.boot.autoconfigure.mustache.MustacheAutoConfiguration, org.springframework.boot.autoconfigure.task.TaskExecutionAutoConfiguration, org.springframework.boot.autoconfigure.thymeleaf.ThymeleafAutoConfiguration, org.springframework.boot.autoconfigure.validation.ValidationAutoConfiguration, org.springframework.boot.autoconfigure.web.servlet.error.ErrorMvcAutoConfiguration, org.springframework.boot.autoconfigure.web.servlet.WebMvcAutoConfiguration, org.springframework.boot.test.autoconfigure.web.servlet.MockMvcAutoConfiguration, org.springframework.boot.test.autoconfigure.web.servlet.MockMvcSecurityAutoConfiguration, org.springframework.boot.test.autoconfigure.web.servlet.MockMvcWebClientAutoConfiguration, org.springframework.boot.test.autoconfigure.web.servlet.MockMvcWebDriverAutoConfiguration]], org.springframework.boot.test.context.filter.ExcludeFilterContextCustomizer@4774587a, org.springframework.boot.test.json.DuplicateJsonObjectContextCustomizerFactory$DuplicateJsonObjectContextCustomizer@68b077c0, org.springframework.boot.test.mock.mockito.MockitoContextCustomizer@0], resourceBasePath = 'src/main/webapp', contextLoader = 'org.springframework.boot.test.context.SpringBootContextLoader', parent = [null]], attributes = map[[empty]]]].
12:30:47.763 [Test worker] DEBUG org.springframework.test.context.support.TestPropertySourceUtils - Adding inlined properties to environment: {spring.jmx.enabled=false, org.springframework.boot.test.autoconfigure.web.servlet.WebMvcTestContextBootstrapper=true, server.port=-1}

  .   ____          _            __ _ _
 /\\ / ___'_ __ _ _(_)_ __  __ _ \ \ \ \
( ( )\___ | '_ | '_| | '_ \/ _` | \ \ \ \
 \\/  ___)| |_)| | | | | || (_| |  ) ) ) )
  '  |____| .__|_| |_|_| |_\__, | / / / /
 =========|_|==============|___/=/_/_/_/
 :: Spring Boot ::        (v2.1.9.RELEASE)

2020-08-07 12:30:47.937  INFO 4738 --- [    Test worker] com.org.admin.HelloControllerTest        : Starting HelloControllerTest on won-yungyeong-ui-MacBookPro.local with PID 4738 (started by won-yungyeong in /Users/won-yungyeong/git-workshop/web/untitled)
2020-08-07 12:30:47.939  INFO 4738 --- [    Test worker] com.org.admin.HelloControllerTest        : No active profile set, falling back to default profiles: default
2020-08-07 12:30:49.059  INFO 4738 --- [    Test worker] o.s.s.concurrent.ThreadPoolTaskExecutor  : Initializing ExecutorService 'applicationTaskExecutor'
2020-08-07 12:30:49.205  WARN 4738 --- [    Test worker] o.s.b.a.m.MustacheAutoConfiguration      : Cannot find template location: classpath:/templates/ (please add some templates, check your Mustache configuration, or set spring.mustache.check-template-location=false)
2020-08-07 12:30:49.360  INFO 4738 --- [    Test worker] .s.s.UserDetailsServiceAutoConfiguration : 

Using generated security password: 8161167a-0b36-4e9d-b1b3-76876b8638e4

2020-08-07 12:30:49.504  INFO 4738 --- [    Test worker] o.s.s.web.DefaultSecurityFilterChain     : Creating filter chain: any request, [org.springframework.security.web.context.request.async.WebAsyncManagerIntegrationFilter@658382ce, org.springframework.security.web.context.SecurityContextPersistenceFilter@298cf72, org.springframework.security.web.header.HeaderWriterFilter@7aa99bc5, org.springframework.security.web.csrf.CsrfFilter@4e0e8318, org.springframework.security.web.authentication.logout.LogoutFilter@2cbd6880, org.springframework.security.web.authentication.UsernamePasswordAuthenticationFilter@1c485eab, org.springframework.security.web.authentication.ui.DefaultLoginPageGeneratingFilter@67373c53, org.springframework.security.web.authentication.ui.DefaultLogoutPageGeneratingFilter@2f5c81bb, org.springframework.security.web.authentication.www.BasicAuthenticationFilter@70de249f, org.springframework.security.web.savedrequest.RequestCacheAwareFilter@69ef3e21, org.springframework.security.web.servletapi.SecurityContextHolderAwareRequestFilter@35492dae, org.springframework.security.web.authentication.AnonymousAuthenticationFilter@7dde5138, org.springframework.security.web.session.SessionManagementFilter@25adfc90, org.springframework.security.web.access.ExceptionTranslationFilter@793f1910, org.springframework.security.web.access.intercept.FilterSecurityInterceptor@6f9caa56]
2020-08-07 12:30:49.614  INFO 4738 --- [    Test worker] o.s.b.t.m.w.SpringBootMockServletContext : Initializing Spring TestDispatcherServlet ''
2020-08-07 12:30:49.615  INFO 4738 --- [    Test worker] o.s.t.web.servlet.TestDispatcherServlet  : Initializing Servlet ''
2020-08-07 12:30:49.629  INFO 4738 --- [    Test worker] o.s.t.web.servlet.TestDispatcherServlet  : Completed initialization in 14 ms
2020-08-07 12:30:49.676  INFO 4738 --- [    Test worker] com.org.admin.HelloControllerTest        : Started HelloControllerTest in 1.907 seconds (JVM running for 2.682)
]]></system-out>
  <system-err><![CDATA[]]></system-err>
</testsuite>
